<?xml version="1.0" encoding="UTF-8"?>
<robot generator="Robot 7.1.1 (Python 3.13.0 on win32)" generated="2024-10-21T20:54:03.638141" rpa="false" schemaversion="5">
<suite id="s1" name="Test Suite" source="C:\Users\artur\OneDrive\Área de Trabalho\CTFL\Robot Estudos\test_suite">
<suite id="s1-s1" name="Test" source="C:\Users\artur\OneDrive\Área de Trabalho\CTFL\Robot Estudos\test_suite\test.robot">
<test id="s1-s1-t1" name="TC0003: Meu primeiro teste" line="57">
<kw name="Inserir nome &quot;pedro&quot;" source_name="Inserir nome &quot;${nome}&quot;">
<msg time="2024-10-21T20:54:04.497156" level="TRACE">Arguments: [ ${nome}='pedro' ]</msg>
<kw name="Set Variable" owner="BuiltIn">
<msg time="2024-10-21T20:54:04.497889" level="TRACE">Arguments: [ 'pedro' ]</msg>
<msg time="2024-10-21T20:54:04.498062" level="TRACE">Return: 'pedro'</msg>
<msg time="2024-10-21T20:54:04.498188" level="INFO">${novo_nome} = pedro</msg>
<var>${novo_nome}</var>
<arg>${nome}</arg>
<doc>Returns the given values which can then be assigned to a variables.</doc>
<status status="PASS" start="2024-10-21T20:54:04.497710" elapsed="0.000508"/>
</kw>
<kw name="Set Test Variable" owner="BuiltIn">
<msg time="2024-10-21T20:54:04.498637" level="TRACE">Arguments: [ '${novo_nome}' ]</msg>
<msg time="2024-10-21T20:54:04.498846" level="INFO">${novo_nome} = pedro</msg>
<msg time="2024-10-21T20:54:04.498884" level="TRACE">Return: None</msg>
<arg>${novo_nome}</arg>
<doc>Makes a variable available everywhere within the scope of the current test.</doc>
<status status="PASS" start="2024-10-21T20:54:04.498507" elapsed="0.000458"/>
</kw>
<msg time="2024-10-21T20:54:04.499118" level="TRACE">Return: None</msg>
<status status="PASS" start="2024-10-21T20:54:04.496913" elapsed="0.002259"/>
</kw>
<kw name="Conferir o novo nome &quot;pedro&quot;" source_name="Conferir o novo nome &quot;${nome_x}&quot;">
<msg time="2024-10-21T20:54:04.499932" level="TRACE">Arguments: [ ${nome_x}='pedro' ]</msg>
<kw name="Should Be Equal" owner="BuiltIn">
<msg time="2024-10-21T20:54:04.500305" level="TRACE">Arguments: [ 'pedro' | 'pedro' ]</msg>
<msg time="2024-10-21T20:54:04.500382" level="DEBUG">Argument types are:
&lt;class 'str'&gt;
&lt;class 'str'&gt;</msg>
<msg time="2024-10-21T20:54:04.500441" level="TRACE">Return: None</msg>
<arg>${nome_x}</arg>
<arg>${novo_nome}</arg>
<doc>Fails if the given objects are unequal.</doc>
<status status="PASS" start="2024-10-21T20:54:04.500154" elapsed="0.000321"/>
</kw>
<msg time="2024-10-21T20:54:04.500534" level="TRACE">Return: None</msg>
<status status="PASS" start="2024-10-21T20:54:04.499720" elapsed="0.000858"/>
</kw>
<tag>tc0003</tag>
<status status="PASS" start="2024-10-21T20:54:04.495979" elapsed="0.004927"/>
</test>
<status status="PASS" start="2024-10-21T20:54:03.690107" elapsed="0.812758"/>
</suite>
<status status="PASS" start="2024-10-21T20:54:03.642050" elapsed="0.863172"/>
</suite>
<statistics>
<total>
<stat pass="1" fail="0" skip="0">All Tests</stat>
</total>
<tag>
<stat pass="1" fail="0" skip="0">tc0003</stat>
</tag>
<suite>
<stat pass="1" fail="0" skip="0" id="s1" name="Test Suite">Test Suite</stat>
<stat pass="1" fail="0" skip="0" id="s1-s1" name="Test">Test Suite.Test</stat>
</suite>
</statistics>
<errors>
</errors>
</robot>
